[2024-12-01T03:57:32.595+0000] {logging_mixin.py:151} INFO - Changing /opt/***/logs/dag_id=model_training_pipeline/run_id=manual__2024-12-01T03:57:19.841673+00:00/task_id=train_model permission to 509
[2024-12-01T03:57:32.597+0000] {logging_mixin.py:151} INFO - Failed to change /opt/***/logs/dag_id=model_training_pipeline/run_id=manual__2024-12-01T03:57:19.841673+00:00/task_id=train_model permission to 509: [Errno 1] Operation not permitted: '/opt/***/logs/dag_id=model_training_pipeline/run_id=manual__2024-12-01T03:57:19.841673+00:00/task_id=train_model'
[2024-12-01T03:57:32.682+0000] {logging_mixin.py:151} INFO - Changing /opt/***/logs/dag_id=model_training_pipeline/run_id=manual__2024-12-01T03:57:19.841673+00:00/task_id=train_model permission to 509
[2024-12-01T03:57:32.684+0000] {logging_mixin.py:151} INFO - Failed to change /opt/***/logs/dag_id=model_training_pipeline/run_id=manual__2024-12-01T03:57:19.841673+00:00/task_id=train_model permission to 509: [Errno 1] Operation not permitted: '/opt/***/logs/dag_id=model_training_pipeline/run_id=manual__2024-12-01T03:57:19.841673+00:00/task_id=train_model'
[2024-12-01T03:57:32.730+0000] {taskinstance.py:1159} INFO - Dependencies all met for dep_context=non-requeueable deps ti=<TaskInstance: model_training_pipeline.train_model manual__2024-12-01T03:57:19.841673+00:00 [queued]>
[2024-12-01T03:57:32.747+0000] {taskinstance.py:1159} INFO - Dependencies all met for dep_context=requeueable deps ti=<TaskInstance: model_training_pipeline.train_model manual__2024-12-01T03:57:19.841673+00:00 [queued]>
[2024-12-01T03:57:32.748+0000] {taskinstance.py:1361} INFO - Starting attempt 1 of 2
[2024-12-01T03:57:32.769+0000] {taskinstance.py:1382} INFO - Executing <Task(PythonOperator): train_model> on 2024-12-01 03:57:19.841673+00:00
[2024-12-01T03:57:32.784+0000] {standard_task_runner.py:57} INFO - Started process 12948 to run task
[2024-12-01T03:57:32.787+0000] {standard_task_runner.py:84} INFO - Running: ['***', 'tasks', 'run', 'model_training_pipeline', 'train_model', 'manual__2024-12-01T03:57:19.841673+00:00', '--job-id', '51', '--raw', '--subdir', 'DAGS_FOLDER/model_training_pipeline_dag/model_training_dag.py', '--cfg-path', '/tmp/tmpviw39_lc']
[2024-12-01T03:57:32.790+0000] {standard_task_runner.py:85} INFO - Job 51: Subtask train_model
[2024-12-01T03:57:32.845+0000] {logging_mixin.py:151} INFO - Changing /opt/***/logs/dag_id=model_training_pipeline/run_id=manual__2024-12-01T03:57:19.841673+00:00/task_id=train_model permission to 509
[2024-12-01T03:57:32.846+0000] {logging_mixin.py:151} INFO - Failed to change /opt/***/logs/dag_id=model_training_pipeline/run_id=manual__2024-12-01T03:57:19.841673+00:00/task_id=train_model permission to 509: [Errno 1] Operation not permitted: '/opt/***/logs/dag_id=model_training_pipeline/run_id=manual__2024-12-01T03:57:19.841673+00:00/task_id=train_model'
[2024-12-01T03:57:32.848+0000] {task_command.py:415} INFO - Running <TaskInstance: model_training_pipeline.train_model manual__2024-12-01T03:57:19.841673+00:00 [running]> on host 71596b931411
[2024-12-01T03:57:32.973+0000] {taskinstance.py:1660} INFO - Exporting env vars: AIRFLOW_CTX_DAG_OWNER='***' AIRFLOW_CTX_DAG_ID='model_training_pipeline' AIRFLOW_CTX_TASK_ID='train_model' AIRFLOW_CTX_EXECUTION_DATE='2024-12-01T03:57:19.841673+00:00' AIRFLOW_CTX_TRY_NUMBER='1' AIRFLOW_CTX_DAG_RUN_ID='manual__2024-12-01T03:57:19.841673+00:00'
[2024-12-01T05:03:04.613+0000] {taskinstance.py:1943} ERROR - Task failed with exception
Traceback (most recent call last):
  File "/home/airflow/.local/lib/python3.8/site-packages/urllib3/response.py", line 444, in _error_catcher
    yield
  File "/home/airflow/.local/lib/python3.8/site-packages/urllib3/response.py", line 567, in read
    data = self._fp_read(amt) if not fp_closed else b""
  File "/home/airflow/.local/lib/python3.8/site-packages/urllib3/response.py", line 533, in _fp_read
    return self._fp.read(amt) if amt is not None else self._fp.read()
  File "/usr/local/lib/python3.8/http/client.py", line 472, in read
    s = self._safe_read(self.length)
  File "/usr/local/lib/python3.8/http/client.py", line 615, in _safe_read
    raise IncompleteRead(data, amt-len(data))
http.client.IncompleteRead: IncompleteRead(16966572 bytes read, 141654822 more expected)

During handling of the above exception, another exception occurred:

Traceback (most recent call last):
  File "/home/airflow/.local/lib/python3.8/site-packages/botocore/response.py", line 99, in read
    chunk = self._raw_stream.read(amt)
  File "/home/airflow/.local/lib/python3.8/site-packages/urllib3/response.py", line 593, in read
    raise IncompleteRead(self._fp_bytes_read, self.length_remaining)
  File "/usr/local/lib/python3.8/contextlib.py", line 131, in __exit__
    self.gen.throw(type, value, traceback)
  File "/home/airflow/.local/lib/python3.8/site-packages/urllib3/response.py", line 461, in _error_catcher
    raise ProtocolError("Connection broken: %r" % e, e)
urllib3.exceptions.ProtocolError: ('Connection broken: IncompleteRead(16966572 bytes read, 141654822 more expected)', IncompleteRead(16966572 bytes read, 141654822 more expected))

During handling of the above exception, another exception occurred:

Traceback (most recent call last):
  File "/home/airflow/.local/lib/python3.8/site-packages/airflow/operators/python.py", line 192, in execute
    return_value = self.execute_callable()
  File "/home/airflow/.local/lib/python3.8/site-packages/airflow/operators/python.py", line 209, in execute_callable
    return self.python_callable(*self.op_args, **self.op_kwargs)
  File "/opt/airflow/dags/model_training_pipeline_dag/train_model.py", line 27, in train_model
    curated_training_data_json = s3.get_data(folder='full_program/curated/training_data/', object_key='curated_training_data_20241118')
  File "/opt/airflow/dags/utils/aws.py", line 70, in get_data
    contents = response['Body'].read().decode('utf-8')
  File "/home/airflow/.local/lib/python3.8/site-packages/botocore/response.py", line 104, in read
    raise ResponseStreamingError(error=e)
botocore.exceptions.ResponseStreamingError: An error occurred while reading from response stream: ('Connection broken: IncompleteRead(16966572 bytes read, 141654822 more expected)', IncompleteRead(16966572 bytes read, 141654822 more expected))
[2024-12-01T05:03:04.737+0000] {taskinstance.py:1400} INFO - Marking task as UP_FOR_RETRY. dag_id=model_training_pipeline, task_id=train_model, execution_date=20241201T035719, start_date=20241201T035732, end_date=20241201T050304
[2024-12-01T05:03:04.826+0000] {standard_task_runner.py:104} ERROR - Failed to execute job 51 for task train_model (An error occurred while reading from response stream: ('Connection broken: IncompleteRead(16966572 bytes read, 141654822 more expected)', IncompleteRead(16966572 bytes read, 141654822 more expected)); 12948)
[2024-12-01T05:03:04.876+0000] {local_task_job_runner.py:228} INFO - Task exited with return code 1
[2024-12-01T05:03:04.936+0000] {taskinstance.py:2784} INFO - 0 downstream tasks scheduled from follow-on schedule check
